<?xml version="1.0" encoding="UTF-8"?>
<testsuite name="com.example.carrental.service.SampleServiceTest" tests="1" skipped="0" failures="0" errors="0" timestamp="2019-11-29T10:18:55" hostname="ABDOUKANE4D8F" time="0.316">
  <properties/>
  <testcase name="testSaveSample" classname="com.example.carrental.service.SampleServiceTest" time="0.316"/>
  <system-out><![CDATA[2019-11-29 11:18:55.506  INFO 5680 --- [    Test worker] .b.t.c.SpringBootTestContextBootstrapper : Neither @ContextConfiguration nor @ContextHierarchy found for test class [com.example.carrental.service.SampleServiceTest], using SpringBootContextLoader
2019-11-29 11:18:55.507  INFO 5680 --- [    Test worker] o.s.t.c.support.AbstractContextLoader    : Could not detect default resource locations for test class [com.example.carrental.service.SampleServiceTest]: no resource found for suffixes {-context.xml, Context.groovy}.
2019-11-29 11:18:55.508  INFO 5680 --- [    Test worker] t.c.s.AnnotationConfigContextLoaderUtils : Could not detect default configuration classes for test class [com.example.carrental.service.SampleServiceTest]: SampleServiceTest does not declare any static, non-private, non-final, nested classes annotated with @Configuration.
2019-11-29 11:18:55.617  INFO 5680 --- [    Test worker] .b.t.c.SpringBootTestContextBootstrapper : Found @SpringBootConfiguration com.example.carrental.CarRentalApplication for test class com.example.carrental.service.SampleServiceTest
2019-11-29 11:18:55.620  INFO 5680 --- [    Test worker] .b.t.c.SpringBootTestContextBootstrapper : Loaded default TestExecutionListener class names from location [META-INF/spring.factories]: [org.springframework.boot.test.autoconfigure.restdocs.RestDocsTestExecutionListener, org.springframework.boot.test.autoconfigure.web.client.MockRestServiceServerResetTestExecutionListener, org.springframework.boot.test.autoconfigure.web.servlet.MockMvcPrintOnlyOnFailureTestExecutionListener, org.springframework.boot.test.autoconfigure.web.servlet.WebDriverTestExecutionListener, org.springframework.boot.test.mock.mockito.MockitoTestExecutionListener, org.springframework.boot.test.mock.mockito.ResetMocksTestExecutionListener, org.springframework.test.context.web.ServletTestExecutionListener, org.springframework.test.context.support.DirtiesContextBeforeModesTestExecutionListener, org.springframework.test.context.support.DependencyInjectionTestExecutionListener, org.springframework.test.context.support.DirtiesContextTestExecutionListener, org.springframework.test.context.transaction.TransactionalTestExecutionListener, org.springframework.test.context.jdbc.SqlScriptsTestExecutionListener]
2019-11-29 11:18:55.621  INFO 5680 --- [    Test worker] .b.t.c.SpringBootTestContextBootstrapper : Using TestExecutionListeners: [org.springframework.test.context.web.ServletTestExecutionListener@72f5b4f4, org.springframework.test.context.support.DirtiesContextBeforeModesTestExecutionListener@53c10ca7, org.springframework.boot.test.mock.mockito.MockitoTestExecutionListener@6fc16e19, org.springframework.boot.test.autoconfigure.SpringBootDependencyInjectionTestExecutionListener@36982f5d, org.springframework.test.context.support.DirtiesContextTestExecutionListener@69156f6e, org.springframework.test.context.transaction.TransactionalTestExecutionListener@32eae2df, org.springframework.test.context.jdbc.SqlScriptsTestExecutionListener@56bfe33d, org.springframework.boot.test.autoconfigure.restdocs.RestDocsTestExecutionListener@21aacc70, org.springframework.boot.test.autoconfigure.web.client.MockRestServiceServerResetTestExecutionListener@6386a934, org.springframework.boot.test.autoconfigure.web.servlet.MockMvcPrintOnlyOnFailureTestExecutionListener@69f5381, org.springframework.boot.test.autoconfigure.web.servlet.WebDriverTestExecutionListener@2f90fe64, org.springframework.boot.test.mock.mockito.ResetMocksTestExecutionListener@58ae6eaa]
2019-11-29 11:18:55.766  INFO 5680 --- [    Test worker] o.h.h.i.QueryTranslatorFactoryInitiator  : HHH000397: Using ASTQueryTranslatorFactory
]]></system-out>
  <system-err><![CDATA[]]></system-err>
</testsuite>
